{"uid":"2eaf52fbf67c09aa","name":"testMissingFieldReturns400","fullName":"school.redrover.api.restassured.MockUserTest.testMissingFieldReturns400","historyId":"63c890cd879c825caf0de7f3264710b7","time":{"start":1741256476682,"stop":1741256476682,"duration":0},"description":"002 Create user without e-mail","descriptionHtml":"<p>002 Create user without e-mail</p>\n","status":"skipped","statusMessage":"Skipping MockUserTest: Not running in QA environment","statusTrace":"org.testng.SkipException: Skipping MockUserTest: Not running in QA environment\n\tat school.redrover.api.restassured.MockUserTest.stubs(MockUserTest.java:25)\n\tat java.base/jdk.internal.reflect.NativeMethodAccessorImpl.invoke0(Native Method)\n\tat java.base/jdk.internal.reflect.NativeMethodAccessorImpl.invoke(NativeMethodAccessorImpl.java:77)\n\tat java.base/jdk.internal.reflect.DelegatingMethodAccessorImpl.invoke(DelegatingMethodAccessorImpl.java:43)\n\tat java.base/java.lang.reflect.Method.invoke(Method.java:569)\n\tat org.testng.internal.invokers.MethodInvocationHelper.invokeMethod(MethodInvocationHelper.java:141)\n\tat org.testng.internal.invokers.MethodInvocationHelper.invokeMethodConsideringTimeout(MethodInvocationHelper.java:71)\n\tat org.testng.internal.invokers.ConfigInvoker.invokeConfigurationMethod(ConfigInvoker.java:400)\n\tat org.testng.internal.invokers.ConfigInvoker.invokeConfigurations(ConfigInvoker.java:333)\n\tat org.testng.internal.invokers.TestMethodWorker.invokeBeforeClassMethods(TestMethodWorker.java:188)\n\tat org.testng.internal.invokers.TestMethodWorker.run(TestMethodWorker.java:128)\n\tat java.base/java.util.ArrayList.forEach(ArrayList.java:1511)\n\tat org.testng.TestRunner.privateRun(TestRunner.java:739)\n\tat org.testng.TestRunner.run(TestRunner.java:614)\n\tat org.testng.SuiteRunner.runTest(SuiteRunner.java:421)\n\tat org.testng.SuiteRunner.runSequentially(SuiteRunner.java:413)\n\tat org.testng.SuiteRunner.privateRun(SuiteRunner.java:373)\n\tat org.testng.SuiteRunner.run(SuiteRunner.java:312)\n\tat org.testng.SuiteRunnerWorker.runSuite(SuiteRunnerWorker.java:52)\n\tat org.testng.SuiteRunnerWorker.run(SuiteRunnerWorker.java:95)\n\tat org.testng.TestNG.runSuitesSequentially(TestNG.java:1274)\n\tat org.testng.TestNG.runSuitesLocally(TestNG.java:1208)\n\tat org.testng.TestNG.runSuites(TestNG.java:1112)\n\tat org.testng.TestNG.run(TestNG.java:1079)\n\tat org.apache.maven.surefire.testng.TestNGExecutor.run(TestNGExecutor.java:155)\n\tat org.apache.maven.surefire.testng.TestNGDirectoryTestSuite.executeMulti(TestNGDirectoryTestSuite.java:169)\n\tat org.apache.maven.surefire.testng.TestNGDirectoryTestSuite.execute(TestNGDirectoryTestSuite.java:88)\n\tat org.apache.maven.surefire.testng.TestNGProvider.invoke(TestNGProvider.java:137)\n\tat org.apache.maven.surefire.booter.ForkedBooter.runSuitesInProcess(ForkedBooter.java:385)\n\tat org.apache.maven.surefire.booter.ForkedBooter.execute(ForkedBooter.java:162)\n\tat org.apache.maven.surefire.booter.ForkedBooter.run(ForkedBooter.java:507)\n\tat org.apache.maven.surefire.booter.ForkedBooter.main(ForkedBooter.java:495)\n","flaky":false,"newFailed":false,"newBroken":false,"newPassed":false,"retriesCount":0,"retriesStatusChange":false,"beforeStages":[{"name":"setup","time":{"start":1741256476407,"stop":1741256476677,"duration":270},"description":"","status":"passed","steps":[],"attachments":[],"parameters":[],"shouldDisplayMessage":false,"stepsCount":0,"attachmentsCount":0,"hasContent":false,"attachmentStep":false},{"name":"stubs","time":{"start":1741256476677,"stop":1741256476678,"duration":1},"description":"","status":"broken","statusMessage":"Skipping MockUserTest: Not running in QA environment","statusTrace":"org.testng.SkipException: Skipping MockUserTest: Not running in QA environment\n\tat school.redrover.api.restassured.MockUserTest.stubs(MockUserTest.java:25)\n\tat java.base/jdk.internal.reflect.NativeMethodAccessorImpl.invoke0(Native Method)\n\tat java.base/jdk.internal.reflect.NativeMethodAccessorImpl.invoke(NativeMethodAccessorImpl.java:77)\n\tat java.base/jdk.internal.reflect.DelegatingMethodAccessorImpl.invoke(DelegatingMethodAccessorImpl.java:43)\n\tat java.base/java.lang.reflect.Method.invoke(Method.java:569)\n\tat org.testng.internal.invokers.MethodInvocationHelper.invokeMethod(MethodInvocationHelper.java:141)\n\tat org.testng.internal.invokers.MethodInvocationHelper.invokeMethodConsideringTimeout(MethodInvocationHelper.java:71)\n\tat org.testng.internal.invokers.ConfigInvoker.invokeConfigurationMethod(ConfigInvoker.java:400)\n\tat org.testng.internal.invokers.ConfigInvoker.invokeConfigurations(ConfigInvoker.java:333)\n\tat org.testng.internal.invokers.TestMethodWorker.invokeBeforeClassMethods(TestMethodWorker.java:188)\n\tat org.testng.internal.invokers.TestMethodWorker.run(TestMethodWorker.java:128)\n\tat java.base/java.util.ArrayList.forEach(ArrayList.java:1511)\n\tat org.testng.TestRunner.privateRun(TestRunner.java:739)\n\tat org.testng.TestRunner.run(TestRunner.java:614)\n\tat org.testng.SuiteRunner.runTest(SuiteRunner.java:421)\n\tat org.testng.SuiteRunner.runSequentially(SuiteRunner.java:413)\n\tat org.testng.SuiteRunner.privateRun(SuiteRunner.java:373)\n\tat org.testng.SuiteRunner.run(SuiteRunner.java:312)\n\tat org.testng.SuiteRunnerWorker.runSuite(SuiteRunnerWorker.java:52)\n\tat org.testng.SuiteRunnerWorker.run(SuiteRunnerWorker.java:95)\n\tat org.testng.TestNG.runSuitesSequentially(TestNG.java:1274)\n\tat org.testng.TestNG.runSuitesLocally(TestNG.java:1208)\n\tat org.testng.TestNG.runSuites(TestNG.java:1112)\n\tat org.testng.TestNG.run(TestNG.java:1079)\n\tat org.apache.maven.surefire.testng.TestNGExecutor.run(TestNGExecutor.java:155)\n\tat org.apache.maven.surefire.testng.TestNGDirectoryTestSuite.executeMulti(TestNGDirectoryTestSuite.java:169)\n\tat org.apache.maven.surefire.testng.TestNGDirectoryTestSuite.execute(TestNGDirectoryTestSuite.java:88)\n\tat org.apache.maven.surefire.testng.TestNGProvider.invoke(TestNGProvider.java:137)\n\tat org.apache.maven.surefire.booter.ForkedBooter.runSuitesInProcess(ForkedBooter.java:385)\n\tat org.apache.maven.surefire.booter.ForkedBooter.execute(ForkedBooter.java:162)\n\tat org.apache.maven.surefire.booter.ForkedBooter.run(ForkedBooter.java:507)\n\tat org.apache.maven.surefire.booter.ForkedBooter.main(ForkedBooter.java:495)\n","steps":[],"attachments":[],"parameters":[],"shouldDisplayMessage":true,"stepsCount":0,"attachmentsCount":0,"hasContent":true,"attachmentStep":false}],"afterStages":[{"name":"teardown","time":{"start":1741256476682,"stop":1741256476682,"duration":0},"description":"","status":"broken","steps":[],"attachments":[],"parameters":[],"shouldDisplayMessage":false,"stepsCount":0,"attachmentsCount":0,"hasContent":false,"attachmentStep":false}],"labels":[{"name":"package","value":"school.redrover.api.restassured.MockUserTest"},{"name":"testClass","value":"school.redrover.api.restassured.MockUserTest"},{"name":"testMethod","value":"testMissingFieldReturns400"},{"name":"parentSuite","value":"Surefire suite"},{"name":"suite","value":"Surefire test"},{"name":"subSuite","value":"school.redrover.api.restassured.MockUserTest"},{"name":"host","value":"fv-az2027-73"},{"name":"thread","value":"2718@fv-az2027-73.main(1)"},{"name":"framework","value":"testng"},{"name":"language","value":"java"},{"name":"epic","value":"API"},{"name":"feature","value":"Mock user"},{"name":"resultFormat","value":"allure2"}],"parameters":[],"links":[],"hidden":false,"retry":false,"extra":{"severity":"normal","retries":[],"categories":[],"history":{"statistic":{"failed":0,"broken":0,"skipped":20,"passed":0,"unknown":0,"total":20},"items":[{"uid":"caa8e7d5d7703fb7","reportUrl":"https://RedRoverSchool.github.io/JenkinsQA_2024_fall/2870//#testresult/caa8e7d5d7703fb7","status":"skipped","statusDetails":"Skipping MockUserTest: Not running in QA environment","time":{"start":1741255285862,"stop":1741255285862,"duration":0}},{"uid":"e9799d3d4a7edefb","reportUrl":"https://RedRoverSchool.github.io/JenkinsQA_2024_fall/2869//#testresult/e9799d3d4a7edefb","status":"skipped","statusDetails":"Skipping MockUserTest: Not running in QA environment","time":{"start":1741253894783,"stop":1741253894783,"duration":0}},{"uid":"b75d66fe601a5f88","reportUrl":"https://RedRoverSchool.github.io/JenkinsQA_2024_fall/2868//#testresult/b75d66fe601a5f88","status":"skipped","statusDetails":"Skipping MockUserTest: Not running in QA environment","time":{"start":1741244216545,"stop":1741244216546,"duration":1}},{"uid":"e3fd472627c130fb","reportUrl":"https://RedRoverSchool.github.io/JenkinsQA_2024_fall/2867//#testresult/e3fd472627c130fb","status":"skipped","statusDetails":"Skipping MockUserTest: Not running in QA environment","time":{"start":1741243157389,"stop":1741243157389,"duration":0}},{"uid":"565fcfdc9b252aff","reportUrl":"https://RedRoverSchool.github.io/JenkinsQA_2024_fall/2866//#testresult/565fcfdc9b252aff","status":"skipped","statusDetails":"Skipping MockUserTest: Not running in QA environment","time":{"start":1741240357402,"stop":1741240357402,"duration":0}},{"uid":"6346b2fd295b81f2","reportUrl":"https://RedRoverSchool.github.io/JenkinsQA_2024_fall/2865//#testresult/6346b2fd295b81f2","status":"skipped","statusDetails":"Skipping MockUserTest: Not running in QA environment","time":{"start":1741216815885,"stop":1741216815886,"duration":1}},{"uid":"435dd60f4634f86e","reportUrl":"https://RedRoverSchool.github.io/JenkinsQA_2024_fall/2865//#testresult/435dd60f4634f86e","status":"skipped","statusDetails":"Skipping MockUserTest: Not running in QA environment","time":{"start":1741215994526,"stop":1741215994526,"duration":0}},{"uid":"256c13e95f7e4c3c","reportUrl":"https://RedRoverSchool.github.io/JenkinsQA_2024_fall/2864//#testresult/256c13e95f7e4c3c","status":"skipped","statusDetails":"Skipping MockUserTest: Not running in QA environment","time":{"start":1741212414260,"stop":1741212414260,"duration":0}},{"uid":"7b5d90d8a80d3698","reportUrl":"https://RedRoverSchool.github.io/JenkinsQA_2024_fall/2863//#testresult/7b5d90d8a80d3698","status":"skipped","statusDetails":"Skipping MockUserTest: Not running in QA environment","time":{"start":1741193795842,"stop":1741193795842,"duration":0}},{"uid":"e069eb9f5fe0a6eb","reportUrl":"https://RedRoverSchool.github.io/JenkinsQA_2024_fall/2862//#testresult/e069eb9f5fe0a6eb","status":"skipped","statusDetails":"Skipping MockUserTest: Not running in QA environment","time":{"start":1741019947087,"stop":1741019947088,"duration":1}},{"uid":"74a9f9b20f04bda5","reportUrl":"https://RedRoverSchool.github.io/JenkinsQA_2024_fall/2861//#testresult/74a9f9b20f04bda5","status":"skipped","statusDetails":"Skipping MockUserTest: Not running in QA environment","time":{"start":1741019317677,"stop":1741019317677,"duration":0}},{"uid":"744554b1bc8f4766","reportUrl":"https://RedRoverSchool.github.io/JenkinsQA_2024_fall/2860//#testresult/744554b1bc8f4766","status":"skipped","statusDetails":"Skipping MockUserTest: Not running in QA environment","time":{"start":1741018091887,"stop":1741018091887,"duration":0}},{"uid":"2de6ffa60dc5b444","reportUrl":"https://RedRoverSchool.github.io/JenkinsQA_2024_fall/2859//#testresult/2de6ffa60dc5b444","status":"skipped","statusDetails":"Skipping MockUserTest: Not running in QA environment","time":{"start":1740848647802,"stop":1740848647802,"duration":0}},{"uid":"639104185da76878","reportUrl":"https://RedRoverSchool.github.io/JenkinsQA_2024_fall/2857//#testresult/639104185da76878","status":"skipped","statusDetails":"Skipping MockUserTest: Not running in QA environment","time":{"start":1740809410454,"stop":1740809410454,"duration":0}},{"uid":"b27486e1f71a8a3a","reportUrl":"https://RedRoverSchool.github.io/JenkinsQA_2024_fall/2856//#testresult/b27486e1f71a8a3a","status":"skipped","statusDetails":"Skipping MockUserTest: Not running in QA environment","time":{"start":1740766665538,"stop":1740766665538,"duration":0}},{"uid":"5a343f7bb41c9f9","reportUrl":"https://RedRoverSchool.github.io/JenkinsQA_2024_fall/2855//#testresult/5a343f7bb41c9f9","status":"skipped","statusDetails":"Skipping MockUserTest: Not running in QA environment","time":{"start":1740742864344,"stop":1740742864344,"duration":0}},{"uid":"95c24e8b6a011ecc","reportUrl":"https://RedRoverSchool.github.io/JenkinsQA_2024_fall/2854//#testresult/95c24e8b6a011ecc","status":"skipped","statusDetails":"Skipping MockUserTest: Not running in QA environment","time":{"start":1740732834000,"stop":1740732834000,"duration":0}},{"uid":"2ebdc7f784b4506c","reportUrl":"https://RedRoverSchool.github.io/JenkinsQA_2024_fall/2853//#testresult/2ebdc7f784b4506c","status":"skipped","statusDetails":"Skipping MockUserTest: Not running in QA environment","time":{"start":1740608628483,"stop":1740608628483,"duration":0}},{"uid":"747caa32f0c2d026","reportUrl":"https://RedRoverSchool.github.io/JenkinsQA_2024_fall/2853//#testresult/747caa32f0c2d026","status":"skipped","statusDetails":"Skipping MockUserTest: Not running in QA environment","time":{"start":1740605743263,"stop":1740605743264,"duration":1}}]},"tags":[]},"source":"2eaf52fbf67c09aa.json","parameterValues":[]}